<?xml version="1.0" encoding="UTF-8"?>
<!-- Generated by org.testng.reporters.JUnitReportReporter -->
<testsuite hostname="DESKTOP-92QJHJ9" failures="0" tests="3" name="testCases.AddHighPriceItem" time="46.886" errors="0" timestamp="2023-04-25T00:09:47 IST" skipped="0">
  <testcase classname="testCases.AddHighPriceItem" name="selectDropdown" time="12.837"/>
  <system-out/>
  <testcase classname="testCases.AddHighPriceItem" name="verifytitle" time="9.374"/>
  <system-out/>
  <testcase classname="testCases.AddHighPriceItem" name="selectlowestPriceitem" time="24.675"/>
  <system-out/>
</testsuite> <!-- testCases.AddHighPriceItem -->
