<?xml version="1.0" encoding="UTF-8"?>
<!-- Generated by org.testng.reporters.JUnitReportReporter -->
<testsuite hostname="DESKTOP-92QJHJ9" failures="0" tests="1" name="testCases.LogOut" time="8.686" errors="0" timestamp="2023-03-23T23:00:25 IST" skipped="0">
  <testcase classname="testCases.LogOut" name="logout" time="8.686"/>
  <system-out/>
</testsuite> <!-- testCases.LogOut -->
