<?xml version="1.0" encoding="UTF-8"?>
<!-- Generated by org.testng.reporters.JUnitReportReporter -->
<testsuite hostname="DESKTOP-92QJHJ9" failures="0" tests="2" name="testCases.AddHighPriceItem" time="0.852" errors="0" timestamp="2023-01-04T22:19:11 IST" skipped="1">
  <testcase classname="testCases.AddHighPriceItem" name="selectDropdown" time="0.852"/>
  <system-out/>
  <testcase classname="testCases.AddHighPriceItem" name="verifyTitleofLandingPage">
    <skipped/>
  </testcase> <!-- verifyTitleofLandingPage -->
  <system-out/>
</testsuite> <!-- testCases.AddHighPriceItem -->
