<?xml version="1.0" encoding="UTF-8"?>
<!-- Generated by org.testng.reporters.JUnitReportReporter -->
<testsuite hostname="DESKTOP-92QJHJ9" failures="0" tests="3" name="testCases.AddHighPriceItem" time="14.529" errors="0" timestamp="2023-03-23T23:19:05 IST" skipped="0">
  <testcase classname="testCases.AddHighPriceItem" name="selectDropdown" time="4.567"/>
  <system-out/>
  <testcase classname="testCases.AddHighPriceItem" name="selectlowestPriceitem" time="6.456"/>
  <system-out/>
  <testcase classname="testCases.AddHighPriceItem" name="verifytitle" time="3.506"/>
  <system-out/>
</testsuite> <!-- testCases.AddHighPriceItem -->
