<?xml version="1.0" encoding="UTF-8"?>
<!-- Generated by org.testng.reporters.JUnitReportReporter -->
<testsuite hostname="DESKTOP-92QJHJ9" failures="0" tests="1" name="testCases.CheckOutAndPurchaseItem" time="20.882" errors="0" timestamp="2023-07-25T09:18:37 IST" skipped="0">
  <testcase classname="testCases.CheckOutAndPurchaseItem" name="checkItemInCart" time="20.882"/>
  <system-out/>
</testsuite> <!-- testCases.CheckOutAndPurchaseItem -->
