<?xml version="1.0" encoding="UTF-8"?>
<!-- Generated by org.testng.reporters.JUnitReportReporter -->
<testsuite hostname="DESKTOP-92QJHJ9" failures="0" tests="3" name="testCases.AddHighPriceItem" time="19.834" errors="0" timestamp="2023-04-11T23:18:21 IST" skipped="0">
  <testcase classname="testCases.AddHighPriceItem" name="selectlowestPriceitem" time="4.567"/>
  <system-out/>
  <testcase classname="testCases.AddHighPriceItem" name="selectDropdown" time="5.075"/>
  <system-out/>
  <testcase classname="testCases.AddHighPriceItem" name="verifytitle" time="10.192"/>
  <system-out/>
</testsuite> <!-- testCases.AddHighPriceItem -->
