<?xml version="1.0" encoding="UTF-8"?>
<!-- Generated by org.testng.reporters.JUnitReportReporter -->
<testsuite hostname="DESKTOP-92QJHJ9" failures="0" tests="2" name="testCases.LoginTest" time="0.675" errors="0" timestamp="2022-12-31T18:18:11 IST" skipped="0">
  <testcase classname="testCases.LoginTest" name="loginTestCase" time="0.559"/>
  <system-out/>
  <testcase classname="testCases.LoginTest" name="verifyTitleofLandingPage" time="0.116"/>
  <system-out/>
</testsuite> <!-- testCases.LoginTest -->
