<?xml version="1.0" encoding="UTF-8"?>
<!-- Generated by org.testng.reporters.JUnitReportReporter -->
<testsuite hostname="DESKTOP-92QJHJ9" failures="0" tests="1" name="testCases.AddHighPriceItem" time="1.150" errors="0" timestamp="2023-01-17T23:17:10 IST" skipped="0">
  <testcase classname="testCases.AddHighPriceItem" name="selectDropdown" time="1.150"/>
  <system-out/>
</testsuite> <!-- testCases.AddHighPriceItem -->
