<?xml version="1.0" encoding="UTF-8"?>
<!-- Generated by org.testng.reporters.JUnitReportReporter -->
<testsuite hostname="DESKTOP-92QJHJ9" failures="0" tests="4" name="testCases.LoginTest" time="4.357" errors="0" timestamp="2023-01-04T22:48:24 IST" skipped="0">
  <testcase classname="testCases.LoginTest" name="TestWithEmpty" time="0.520"/>
  <system-out/>
  <testcase classname="testCases.LoginTest" name="TestWithValidPassword" time="0.879"/>
  <system-out/>
  <testcase classname="testCases.LoginTest" name="TestWithValidData" time="2.387"/>
  <system-out/>
  <testcase classname="testCases.LoginTest" name="TestWithInvalidData" time="0.571"/>
  <system-out/>
</testsuite> <!-- testCases.LoginTest -->
