<?xml version="1.0" encoding="UTF-8"?>
<!-- Generated by org.testng.reporters.JUnitReportReporter -->
<testsuite hostname="DESKTOP-92QJHJ9" failures="0" tests="1" name="testCases.LogOut" time="8.744" errors="0" timestamp="2023-04-26T22:13:54 IST" skipped="0">
  <testcase classname="testCases.LogOut" name="logout" time="8.744"/>
  <system-out/>
</testsuite> <!-- testCases.LogOut -->
