<?xml version="1.0" encoding="UTF-8"?>
<!-- Generated by org.testng.reporters.JUnitReportReporter -->
<testsuite hostname="DESKTOP-92QJHJ9" failures="0" tests="1" name="testCases.CheckOutAndPurchaseItem" time="7.636" errors="0" timestamp="2023-04-26T22:13:54 IST" skipped="0">
  <testcase classname="testCases.CheckOutAndPurchaseItem" name="checkItemInCart" time="7.636"/>
  <system-out/>
</testsuite> <!-- testCases.CheckOutAndPurchaseItem -->
