<?xml version="1.0" encoding="UTF-8"?>
<!-- Generated by org.testng.reporters.JUnitReportReporter -->
<testsuite hostname="DESKTOP-92QJHJ9" failures="0" tests="3" name="testCases.AddHighPriceItem" time="15.293" errors="0" timestamp="2023-02-23T22:35:00 IST" skipped="0">
  <testcase classname="testCases.AddHighPriceItem" name="selectDropdown" time="5.431"/>
  <system-out/>
  <testcase classname="testCases.AddHighPriceItem" name="verifytitle" time="4.752"/>
  <system-out/>
  <testcase classname="testCases.AddHighPriceItem" name="selectlowestPriceitem" time="5.110"/>
  <system-out/>
</testsuite> <!-- testCases.AddHighPriceItem -->
