<?xml version="1.0" encoding="UTF-8"?>
<!-- Generated by org.testng.reporters.JUnitReportReporter -->
<testsuite hostname="DESKTOP-92QJHJ9" failures="0" tests="1" name="testCases.AddHighPriceItem" time="0.617" errors="0" timestamp="2023-01-09T21:46:29 IST" skipped="0">
  <testcase classname="testCases.AddHighPriceItem" name="selectDropdown" time="0.617"/>
  <system-out/>
</testsuite> <!-- testCases.AddHighPriceItem -->
